{"contracts/math/SafeMath.sol":{"l":{"17":3,"18":1,"21":2,"22":2,"23":1,"33":2,"40":8,"41":7,"48":12,"49":12,"50":11},"path":"/home/dromanov/PycharmProjects/UniGoldCoin/contracts/math/SafeMath.sol","s":{"1":3,"2":1,"3":2,"4":2,"5":1,"6":2,"7":8,"8":7,"9":12,"10":12,"11":11},"b":{"1":[1,2],"2":[1,1],"3":[7,1],"4":[11,1]},"f":{"1":3,"2":2,"3":8,"4":12},"fnMap":{"1":{"name":"mul","line":13,"loc":{"start":{"line":13,"column":2},"end":{"line":13,"column":72}}},"2":{"name":"div","line":29,"loc":{"start":{"line":29,"column":2},"end":{"line":29,"column":70}}},"3":{"name":"sub","line":39,"loc":{"start":{"line":39,"column":2},"end":{"line":39,"column":70}}},"4":{"name":"add","line":47,"loc":{"start":{"line":47,"column":2},"end":{"line":47,"column":72}}}},"statementMap":{"1":{"start":{"line":17,"column":4},"end":{"line":17,"column":490}},"2":{"start":{"line":18,"column":6},"end":{"line":18,"column":14}},"3":{"start":{"line":21,"column":4},"end":{"line":21,"column":14}},"4":{"start":{"line":22,"column":4},"end":{"line":22,"column":23}},"5":{"start":{"line":23,"column":4},"end":{"line":23,"column":12}},"6":{"start":{"line":33,"column":4},"end":{"line":33,"column":18}},"7":{"start":{"line":40,"column":4},"end":{"line":40,"column":19}},"8":{"start":{"line":41,"column":4},"end":{"line":41,"column":18}},"9":{"start":{"line":48,"column":4},"end":{"line":48,"column":14}},"10":{"start":{"line":49,"column":4},"end":{"line":49,"column":18}},"11":{"start":{"line":50,"column":4},"end":{"line":50,"column":12}}},"branchMap":{"1":{"line":17,"type":"if","locations":[{"start":{"line":17,"column":4},"end":{"line":17,"column":4}},{"start":{"line":17,"column":4},"end":{"line":17,"column":4}}]},"2":{"line":22,"type":"if","locations":[{"start":{"line":22,"column":4},"end":{"line":22,"column":4}},{"start":{"line":22,"column":4},"end":{"line":22,"column":4}}]},"3":{"line":40,"type":"if","locations":[{"start":{"line":40,"column":4},"end":{"line":40,"column":4}},{"start":{"line":40,"column":4},"end":{"line":40,"column":4}}]},"4":{"line":49,"type":"if","locations":[{"start":{"line":49,"column":4},"end":{"line":49,"column":4}},{"start":{"line":49,"column":4},"end":{"line":49,"column":4}}]}}},"contracts/ownership/Ownable.sol":{"l":{"25":29,"32":15,"33":11,"43":1,"44":1,"52":2,"60":2,"61":1,"62":1},"path":"/home/dromanov/PycharmProjects/UniGoldCoin/contracts/ownership/Ownable.sol","s":{"1":29,"2":15,"3":1,"4":1,"5":2,"6":2,"7":1,"8":1},"b":{"1":[11,4],"2":[1,1]},"f":{"1":29,"2":15,"3":1,"4":2,"5":2},"fnMap":{"1":{"name":null,"line":24,"loc":{"start":{"line":24,"column":2},"end":{"line":24,"column":22}}},"2":{"name":"onlyOwner","line":31,"loc":{"start":{"line":31,"column":2},"end":{"line":31,"column":22}}},"3":{"name":"renounceOwnership","line":42,"loc":{"start":{"line":42,"column":2},"end":{"line":42,"column":47}}},"4":{"name":"transferOwnership","line":51,"loc":{"start":{"line":51,"column":2},"end":{"line":51,"column":64}}},"5":{"name":"_transferOwnership","line":59,"loc":{"start":{"line":59,"column":2},"end":{"line":59,"column":57}}}},"statementMap":{"1":{"start":{"line":25,"column":4},"end":{"line":25,"column":21}},"2":{"start":{"line":32,"column":4},"end":{"line":32,"column":31}},"3":{"start":{"line":43,"column":4},"end":{"line":43,"column":34}},"4":{"start":{"line":44,"column":4},"end":{"line":44,"column":21}},"5":{"start":{"line":52,"column":4},"end":{"line":52,"column":32}},"6":{"start":{"line":60,"column":4},"end":{"line":60,"column":35}},"7":{"start":{"line":61,"column":4},"end":{"line":61,"column":47}},"8":{"start":{"line":62,"column":4},"end":{"line":62,"column":20}}},"branchMap":{"1":{"line":32,"type":"if","locations":[{"start":{"line":32,"column":4},"end":{"line":32,"column":4}},{"start":{"line":32,"column":4},"end":{"line":32,"column":4}}]},"2":{"line":60,"type":"if","locations":[{"start":{"line":60,"column":4},"end":{"line":60,"column":4}},{"start":{"line":60,"column":4},"end":{"line":60,"column":4}}]}}},"contracts/token/ERC20/BasicToken.sol":{"l":{"23":2,"32":8,"33":6,"35":4,"36":4,"37":4,"38":4,"47":11},"path":"/home/dromanov/PycharmProjects/UniGoldCoin/contracts/token/ERC20/BasicToken.sol","s":{"1":2,"2":8,"3":6,"4":4,"5":4,"6":4,"7":4,"8":11},"b":{"1":[6,2],"2":[4,2]},"f":{"1":2,"2":8,"3":11},"fnMap":{"1":{"name":"totalSupply","line":22,"loc":{"start":{"line":22,"column":2},"end":{"line":22,"column":54}}},"2":{"name":"transfer","line":31,"loc":{"start":{"line":31,"column":2},"end":{"line":31,"column":70}}},"3":{"name":"balanceOf","line":46,"loc":{"start":{"line":46,"column":2},"end":{"line":46,"column":66}}}},"statementMap":{"1":{"start":{"line":23,"column":4},"end":{"line":23,"column":23}},"2":{"start":{"line":32,"column":4},"end":{"line":32,"column":42}},"3":{"start":{"line":33,"column":4},"end":{"line":33,"column":29}},"4":{"start":{"line":35,"column":4},"end":{"line":35,"column":58}},"5":{"start":{"line":36,"column":4},"end":{"line":36,"column":44}},"6":{"start":{"line":37,"column":4},"end":{"line":37,"column":42}},"7":{"start":{"line":38,"column":4},"end":{"line":38,"column":15}},"8":{"start":{"line":47,"column":4},"end":{"line":47,"column":27}}},"branchMap":{"1":{"line":32,"type":"if","locations":[{"start":{"line":32,"column":4},"end":{"line":32,"column":4}},{"start":{"line":32,"column":4},"end":{"line":32,"column":4}}]},"2":{"line":33,"type":"if","locations":[{"start":{"line":33,"column":4},"end":{"line":33,"column":4}},{"start":{"line":33,"column":4},"end":{"line":33,"column":4}}]}}},"contracts/token/ERC20/ERC20Basic.sol":{"l":{},"path":"/home/dromanov/PycharmProjects/UniGoldCoin/contracts/token/ERC20/ERC20Basic.sol","s":{},"b":{},"f":{},"fnMap":{},"statementMap":{},"branchMap":{}},"contracts/UniGoldToken.sol":{"l":{"25":3,"26":3,"27":2,"28":2,"29":2,"30":2,"34":11,"35":9,"39":5,"40":3,"51":2,"52":2,"53":2,"54":2,"55":2,"63":7,"64":7,"65":7},"path":"/home/dromanov/PycharmProjects/UniGoldCoin/contracts/UniGoldToken.sol","s":{"1":3,"2":3,"3":2,"4":2,"5":2,"6":2,"7":11,"8":5,"9":2,"10":2,"11":2,"12":2,"13":2,"14":7,"15":7,"16":7},"b":{"1":[3,0],"2":[2,1],"3":[9,2],"4":[3,2]},"f":{"1":3,"2":11,"3":5,"4":2,"5":7},"fnMap":{"1":{"name":"transferFrom","line":23,"loc":{"start":{"line":23,"column":4},"end":{"line":24,"column":5}}},"2":{"name":"canMint","line":33,"loc":{"start":{"line":33,"column":4},"end":{"line":33,"column":20}}},"3":{"name":"hasMintPermission","line":38,"loc":{"start":{"line":38,"column":4},"end":{"line":38,"column":30}}},"4":{"name":"mint","line":49,"loc":{"start":{"line":49,"column":4},"end":{"line":50,"column":5}}},"5":{"name":"finishMinting","line":62,"loc":{"start":{"line":62,"column":4},"end":{"line":62,"column":66}}}},"statementMap":{"1":{"start":{"line":25,"column":8},"end":{"line":25,"column":41}},"2":{"start":{"line":26,"column":8},"end":{"line":26,"column":33}},"3":{"start":{"line":27,"column":8},"end":{"line":27,"column":52}},"4":{"start":{"line":28,"column":8},"end":{"line":28,"column":48}},"5":{"start":{"line":29,"column":8},"end":{"line":29,"column":41}},"6":{"start":{"line":30,"column":8},"end":{"line":30,"column":19}},"7":{"start":{"line":34,"column":8},"end":{"line":34,"column":32}},"8":{"start":{"line":39,"column":8},"end":{"line":39,"column":35}},"9":{"start":{"line":51,"column":8},"end":{"line":51,"column":47}},"10":{"start":{"line":52,"column":8},"end":{"line":52,"column":49}},"11":{"start":{"line":53,"column":8},"end":{"line":53,"column":31}},"12":{"start":{"line":54,"column":8},"end":{"line":54,"column":47}},"13":{"start":{"line":55,"column":8},"end":{"line":55,"column":19}},"14":{"start":{"line":63,"column":8},"end":{"line":63,"column":29}},"15":{"start":{"line":64,"column":8},"end":{"line":64,"column":27}},"16":{"start":{"line":65,"column":8},"end":{"line":65,"column":19}}},"branchMap":{"1":{"line":25,"type":"if","locations":[{"start":{"line":25,"column":8},"end":{"line":25,"column":8}},{"start":{"line":25,"column":8},"end":{"line":25,"column":8}}]},"2":{"line":26,"type":"if","locations":[{"start":{"line":26,"column":8},"end":{"line":26,"column":8}},{"start":{"line":26,"column":8},"end":{"line":26,"column":8}}]},"3":{"line":34,"type":"if","locations":[{"start":{"line":34,"column":8},"end":{"line":34,"column":8}},{"start":{"line":34,"column":8},"end":{"line":34,"column":8}}]},"4":{"line":39,"type":"if","locations":[{"start":{"line":39,"column":8},"end":{"line":39,"column":8}},{"start":{"line":39,"column":8},"end":{"line":39,"column":8}}]}}}}