{"contracts/ERC223ReceivingContract.sol":{"l":{},"path":"/home/dromanov/PycharmProjects/UniGoldCoin/contracts/ERC223ReceivingContract.sol","s":{},"b":{},"f":{},"fnMap":{},"statementMap":{},"branchMap":{}},"contracts/math/SafeMath.sol":{"l":{"17":3,"18":1,"21":2,"22":2,"23":1,"33":2,"40":18,"41":17,"48":21,"49":21,"50":20},"path":"/home/dromanov/PycharmProjects/UniGoldCoin/contracts/math/SafeMath.sol","s":{"1":3,"2":1,"3":2,"4":2,"5":1,"6":2,"7":18,"8":17,"9":21,"10":21,"11":20},"b":{"1":[1,2],"2":[1,1],"3":[17,1],"4":[20,1]},"f":{"1":3,"2":2,"3":18,"4":21},"fnMap":{"1":{"name":"mul","line":13,"loc":{"start":{"line":13,"column":2},"end":{"line":13,"column":72}}},"2":{"name":"div","line":29,"loc":{"start":{"line":29,"column":2},"end":{"line":29,"column":70}}},"3":{"name":"sub","line":39,"loc":{"start":{"line":39,"column":2},"end":{"line":39,"column":70}}},"4":{"name":"add","line":47,"loc":{"start":{"line":47,"column":2},"end":{"line":47,"column":72}}}},"statementMap":{"1":{"start":{"line":17,"column":4},"end":{"line":17,"column":490}},"2":{"start":{"line":18,"column":6},"end":{"line":18,"column":14}},"3":{"start":{"line":21,"column":4},"end":{"line":21,"column":14}},"4":{"start":{"line":22,"column":4},"end":{"line":22,"column":23}},"5":{"start":{"line":23,"column":4},"end":{"line":23,"column":12}},"6":{"start":{"line":33,"column":4},"end":{"line":33,"column":18}},"7":{"start":{"line":40,"column":4},"end":{"line":40,"column":19}},"8":{"start":{"line":41,"column":4},"end":{"line":41,"column":18}},"9":{"start":{"line":48,"column":4},"end":{"line":48,"column":14}},"10":{"start":{"line":49,"column":4},"end":{"line":49,"column":18}},"11":{"start":{"line":50,"column":4},"end":{"line":50,"column":12}}},"branchMap":{"1":{"line":17,"type":"if","locations":[{"start":{"line":17,"column":4},"end":{"line":17,"column":4}},{"start":{"line":17,"column":4},"end":{"line":17,"column":4}}]},"2":{"line":22,"type":"if","locations":[{"start":{"line":22,"column":4},"end":{"line":22,"column":4}},{"start":{"line":22,"column":4},"end":{"line":22,"column":4}}]},"3":{"line":40,"type":"if","locations":[{"start":{"line":40,"column":4},"end":{"line":40,"column":4}},{"start":{"line":40,"column":4},"end":{"line":40,"column":4}}]},"4":{"line":49,"type":"if","locations":[{"start":{"line":49,"column":4},"end":{"line":49,"column":4}},{"start":{"line":49,"column":4},"end":{"line":49,"column":4}}]}}},"contracts/token/ERC20/BasicToken.sol":{"l":{"23":2,"32":4,"33":3,"35":2,"36":2,"37":2,"38":2,"47":24},"path":"/home/dromanov/PycharmProjects/UniGoldCoin/contracts/token/ERC20/BasicToken.sol","s":{"1":2,"2":4,"3":3,"4":2,"5":2,"6":2,"7":2,"8":24},"b":{"1":[3,1],"2":[2,1]},"f":{"1":2,"2":4,"3":24},"fnMap":{"1":{"name":"totalSupply","line":22,"loc":{"start":{"line":22,"column":2},"end":{"line":22,"column":54}}},"2":{"name":"transfer","line":31,"loc":{"start":{"line":31,"column":2},"end":{"line":31,"column":70}}},"3":{"name":"balanceOf","line":46,"loc":{"start":{"line":46,"column":2},"end":{"line":46,"column":66}}}},"statementMap":{"1":{"start":{"line":23,"column":4},"end":{"line":23,"column":23}},"2":{"start":{"line":32,"column":4},"end":{"line":32,"column":42}},"3":{"start":{"line":33,"column":4},"end":{"line":33,"column":29}},"4":{"start":{"line":35,"column":4},"end":{"line":35,"column":58}},"5":{"start":{"line":36,"column":4},"end":{"line":36,"column":44}},"6":{"start":{"line":37,"column":4},"end":{"line":37,"column":42}},"7":{"start":{"line":38,"column":4},"end":{"line":38,"column":15}},"8":{"start":{"line":47,"column":4},"end":{"line":47,"column":27}}},"branchMap":{"1":{"line":32,"type":"if","locations":[{"start":{"line":32,"column":4},"end":{"line":32,"column":4}},{"start":{"line":32,"column":4},"end":{"line":32,"column":4}}]},"2":{"line":33,"type":"if","locations":[{"start":{"line":33,"column":4},"end":{"line":33,"column":4}},{"start":{"line":33,"column":4},"end":{"line":33,"column":4}}]}}},"contracts/token/ERC20/ERC20.sol":{"l":{},"path":"/home/dromanov/PycharmProjects/UniGoldCoin/contracts/token/ERC20/ERC20.sol","s":{},"b":{},"f":{},"fnMap":{},"statementMap":{},"branchMap":{}},"contracts/token/ERC20/ERC20Basic.sol":{"l":{},"path":"/home/dromanov/PycharmProjects/UniGoldCoin/contracts/token/ERC20/ERC20Basic.sol","s":{},"b":{},"f":{},"fnMap":{},"statementMap":{},"branchMap":{}},"contracts/token/ERC20/StandardToken.sol":{"l":{"33":7,"34":5,"35":4,"37":3,"38":3,"39":3,"40":3,"41":3,"54":23,"55":23,"56":23,"73":18,"92":8,"94":8,"95":8,"114":10,"115":10,"116":8,"118":2,"120":10,"121":10},"path":"/home/dromanov/PycharmProjects/UniGoldCoin/contracts/token/ERC20/StandardToken.sol","s":{"1":7,"2":5,"3":4,"4":3,"5":3,"6":3,"7":3,"8":3,"9":23,"10":23,"11":23,"12":18,"13":8,"14":8,"15":8,"16":10,"17":10,"18":8,"19":2,"20":10,"21":10},"b":{"1":[5,2],"2":[4,1],"3":[3,1],"4":[8,2]},"f":{"1":7,"2":23,"3":18,"4":8,"5":10},"fnMap":{"1":{"name":"transferFrom","line":25,"loc":{"start":{"line":25,"column":2},"end":{"line":32,"column":3}}},"2":{"name":"approve","line":53,"loc":{"start":{"line":53,"column":2},"end":{"line":53,"column":74}}},"3":{"name":"allowance","line":65,"loc":{"start":{"line":65,"column":2},"end":{"line":72,"column":3}}},"4":{"name":"increaseApproval","line":85,"loc":{"start":{"line":85,"column":2},"end":{"line":91,"column":3}}},"5":{"name":"decreaseApproval","line":107,"loc":{"start":{"line":107,"column":2},"end":{"line":113,"column":3}}}},"statementMap":{"1":{"start":{"line":33,"column":4},"end":{"line":33,"column":37}},"2":{"start":{"line":34,"column":4},"end":{"line":34,"column":48}},"3":{"start":{"line":35,"column":4},"end":{"line":35,"column":29}},"4":{"start":{"line":37,"column":4},"end":{"line":37,"column":48}},"5":{"start":{"line":38,"column":4},"end":{"line":38,"column":44}},"6":{"start":{"line":39,"column":4},"end":{"line":39,"column":70}},"7":{"start":{"line":40,"column":4},"end":{"line":40,"column":37}},"8":{"start":{"line":41,"column":4},"end":{"line":41,"column":15}},"9":{"start":{"line":54,"column":4},"end":{"line":54,"column":41}},"10":{"start":{"line":55,"column":4},"end":{"line":55,"column":47}},"11":{"start":{"line":56,"column":4},"end":{"line":56,"column":15}},"12":{"start":{"line":73,"column":4},"end":{"line":73,"column":36}},"13":{"start":{"line":92,"column":4},"end":{"line":92,"column":3094}},"14":{"start":{"line":94,"column":4},"end":{"line":94,"column":70}},"15":{"start":{"line":95,"column":4},"end":{"line":95,"column":15}},"16":{"start":{"line":114,"column":4},"end":{"line":114,"column":51}},"17":{"start":{"line":115,"column":4},"end":{"line":115,"column":3858}},"18":{"start":{"line":116,"column":6},"end":{"line":116,"column":38}},"19":{"start":{"line":118,"column":6},"end":{"line":118,"column":67}},"20":{"start":{"line":120,"column":4},"end":{"line":120,"column":70}},"21":{"start":{"line":121,"column":4},"end":{"line":121,"column":15}}},"branchMap":{"1":{"line":33,"type":"if","locations":[{"start":{"line":33,"column":4},"end":{"line":33,"column":4}},{"start":{"line":33,"column":4},"end":{"line":33,"column":4}}]},"2":{"line":34,"type":"if","locations":[{"start":{"line":34,"column":4},"end":{"line":34,"column":4}},{"start":{"line":34,"column":4},"end":{"line":34,"column":4}}]},"3":{"line":35,"type":"if","locations":[{"start":{"line":35,"column":4},"end":{"line":35,"column":4}},{"start":{"line":35,"column":4},"end":{"line":35,"column":4}}]},"4":{"line":115,"type":"if","locations":[{"start":{"line":115,"column":4},"end":{"line":115,"column":4}},{"start":{"line":115,"column":4},"end":{"line":115,"column":4}}]}}},"contracts/UniGoldToken.sol":{"l":{"26":6,"27":6,"28":1,"31":5,"45":2,"46":1,"49":1,"55":8,"56":8,"60":8,"65":6,"66":5,"67":4,"68":4,"69":4,"70":4,"75":2,"76":2,"77":2,"78":2,"79":2,"80":2,"81":2,"82":2},"path":"/home/dromanov/PycharmProjects/UniGoldCoin/contracts/UniGoldToken.sol","s":{"1":6,"2":1,"3":5,"4":2,"5":1,"6":1,"7":8,"8":6,"9":5,"10":4,"11":4,"12":4,"13":4,"14":2,"15":2,"16":2,"17":2,"18":2,"19":2,"20":2},"b":{"1":[1,5],"2":[1,1],"3":[5,1],"4":[4,1],"5":[2,0],"6":[2,0]},"f":{"1":6,"2":2,"3":8,"4":6,"5":2},"fnMap":{"1":{"name":"transfer","line":22,"loc":{"start":{"line":22,"column":4},"end":{"line":22,"column":67}}},"2":{"name":"transfer","line":43,"loc":{"start":{"line":43,"column":4},"end":{"line":43,"column":80}}},"3":{"name":"isContract","line":54,"loc":{"start":{"line":54,"column":4},"end":{"line":54,"column":65}}},"4":{"name":"transferToAddress","line":64,"loc":{"start":{"line":64,"column":4},"end":{"line":64,"column":90}}},"5":{"name":"transferToContract","line":74,"loc":{"start":{"line":74,"column":4},"end":{"line":74,"column":91}}}},"statementMap":{"1":{"start":{"line":27,"column":8},"end":{"line":27,"column":904}},"2":{"start":{"line":28,"column":12},"end":{"line":28,"column":57}},"3":{"start":{"line":31,"column":12},"end":{"line":31,"column":56}},"4":{"start":{"line":45,"column":8},"end":{"line":45,"column":1468}},"5":{"start":{"line":46,"column":12},"end":{"line":46,"column":57}},"6":{"start":{"line":49,"column":12},"end":{"line":49,"column":56}},"7":{"start":{"line":60,"column":8},"end":{"line":60,"column":27}},"8":{"start":{"line":65,"column":8},"end":{"line":65,"column":46}},"9":{"start":{"line":66,"column":8},"end":{"line":66,"column":33}},"10":{"start":{"line":67,"column":8},"end":{"line":67,"column":63}},"11":{"start":{"line":68,"column":8},"end":{"line":68,"column":49}},"12":{"start":{"line":69,"column":8},"end":{"line":69,"column":53}},"13":{"start":{"line":70,"column":8},"end":{"line":70,"column":19}},"14":{"start":{"line":75,"column":8},"end":{"line":75,"column":46}},"15":{"start":{"line":76,"column":8},"end":{"line":76,"column":33}},"16":{"start":{"line":77,"column":8},"end":{"line":77,"column":63}},"17":{"start":{"line":78,"column":8},"end":{"line":78,"column":49}},"18":{"start":{"line":79,"column":8},"end":{"line":79,"column":70}},"19":{"start":{"line":81,"column":8},"end":{"line":81,"column":53}},"20":{"start":{"line":82,"column":8},"end":{"line":82,"column":19}}},"branchMap":{"1":{"line":27,"type":"if","locations":[{"start":{"line":27,"column":8},"end":{"line":27,"column":8}},{"start":{"line":27,"column":8},"end":{"line":27,"column":8}}]},"2":{"line":45,"type":"if","locations":[{"start":{"line":45,"column":8},"end":{"line":45,"column":8}},{"start":{"line":45,"column":8},"end":{"line":45,"column":8}}]},"3":{"line":65,"type":"if","locations":[{"start":{"line":65,"column":8},"end":{"line":65,"column":8}},{"start":{"line":65,"column":8},"end":{"line":65,"column":8}}]},"4":{"line":66,"type":"if","locations":[{"start":{"line":66,"column":8},"end":{"line":66,"column":8}},{"start":{"line":66,"column":8},"end":{"line":66,"column":8}}]},"5":{"line":75,"type":"if","locations":[{"start":{"line":75,"column":8},"end":{"line":75,"column":8}},{"start":{"line":75,"column":8},"end":{"line":75,"column":8}}]},"6":{"line":76,"type":"if","locations":[{"start":{"line":76,"column":8},"end":{"line":76,"column":8}},{"start":{"line":76,"column":8},"end":{"line":76,"column":8}}]}}}}